<?xml version="1.0" encoding="UTF-8"?>
<!-- Generated by org.testng.reporters.JUnitReportReporter -->
<testsuite hostname="DESKTOP-31E8C8U" failures="0" tests="1" name="com.github.automatedowl.examples.tests.WebHostTests" time="32.139" errors="0" timestamp="2021-01-15T17:29:40 IST" skipped="0">
  <testcase classname="com.github.automatedowl.examples.tests.WebHostTests" name="site88Test" time="32.139"/>
</testsuite> <!-- com.github.automatedowl.examples.tests.WebHostTests -->
